c:\users\ilya\documents\visual studio 2015\projects\brainfuck2\brainfuck2\debug\vc140.pdb
c:\users\ilya\documents\visual studio 2015\projects\brainfuck2\brainfuck2\debug\vc140.idb
c:\users\ilya\documents\visual studio 2015\projects\brainfuck2\brainfuck2\debug\beginwhileexpression.obj
c:\users\ilya\documents\visual studio 2015\projects\brainfuck2\brainfuck2\debug\biggerexpression.obj
c:\users\ilya\documents\visual studio 2015\projects\brainfuck2\brainfuck2\debug\checker.obj
c:\users\ilya\documents\visual studio 2015\projects\brainfuck2\brainfuck2\debug\dotexpression.obj
c:\users\ilya\documents\visual studio 2015\projects\brainfuck2\brainfuck2\debug\endwhileexpression.obj
c:\users\ilya\documents\visual studio 2015\projects\brainfuck2\brainfuck2\debug\executor.obj
c:\users\ilya\documents\visual studio 2015\projects\brainfuck2\brainfuck2\debug\expression.obj
c:\users\ilya\documents\visual studio 2015\projects\brainfuck2\brainfuck2\debug\manager.obj
c:\users\ilya\documents\visual studio 2015\projects\brainfuck2\brainfuck2\debug\minusexpression.obj
c:\users\ilya\documents\visual studio 2015\projects\brainfuck2\brainfuck2\debug\parser.obj
c:\users\ilya\documents\visual studio 2015\projects\brainfuck2\brainfuck2\debug\plusexpression.obj
c:\users\ilya\documents\visual studio 2015\projects\brainfuck2\brainfuck2\debug\rules.obj
c:\users\ilya\documents\visual studio 2015\projects\brainfuck2\brainfuck2\debug\smallerexpression.obj
c:\users\ilya\documents\visual studio 2015\projects\brainfuck2\brainfuck2\debug\source.obj
c:\users\ilya\documents\visual studio 2015\projects\brainfuck2\debug\brainfuck2.ilk
c:\users\ilya\documents\visual studio 2015\projects\brainfuck2\debug\brainfuck2.exe
c:\users\ilya\documents\visual studio 2015\projects\brainfuck2\debug\brainfuck2.pdb
c:\users\ilya\documents\visual studio 2015\projects\brainfuck2\brainfuck2\debug\brainfuck2.tlog\cl.command.1.tlog
c:\users\ilya\documents\visual studio 2015\projects\brainfuck2\brainfuck2\debug\brainfuck2.tlog\cl.read.1.tlog
c:\users\ilya\documents\visual studio 2015\projects\brainfuck2\brainfuck2\debug\brainfuck2.tlog\cl.write.1.tlog
c:\users\ilya\documents\visual studio 2015\projects\brainfuck2\brainfuck2\debug\brainfuck2.tlog\link.command.1.tlog
c:\users\ilya\documents\visual studio 2015\projects\brainfuck2\brainfuck2\debug\brainfuck2.tlog\link.read.1.tlog
c:\users\ilya\documents\visual studio 2015\projects\brainfuck2\brainfuck2\debug\brainfuck2.tlog\link.write.1.tlog
